app/manifest-merger-release-report.txt
-- Merging decision tree log ---
manifest
ADDED from AndroidManifest.xml:2:1
	package
		ADDED from AndroidManifest.xml:3:5
		INJECTED from AndroidManifest.xml:0:0
		INJECTED from AndroidManifest.xml:0:0
	android:versionName
		ADDED from AndroidManifest.xml:5:5
	android:versionCode
		ADDED from AndroidManifest.xml:4:5
		INJECTED from AndroidManifest.xml:0:0
		INJECTED from AndroidManifest.xml:0:0
	xmlns:android
		ADDED from AndroidManifest.xml:2:11
uses-permission#android.permission.INTERNET
ADDED from AndroidManifest.xml:7:5
	android:name
		ADDED from AndroidManifest.xml:7:22
uses-permission#android.permission.GET_ACCOUNTS
ADDED from AndroidManifest.xml:8:5
	android:name
		ADDED from AndroidManifest.xml:8:22
uses-permission#android.permission.USE_CREDENTIALS
ADDED from AndroidManifest.xml:9:5
	android:name
		ADDED from AndroidManifest.xml:9:22
uses-permission#android.permission.ACCESS_NETWORK_STATE
ADDED from AndroidManifest.xml:10:5
	android:name
		ADDED from AndroidManifest.xml:10:22
uses-permission#android.permission.READ_CONTACTS
ADDED from AndroidManifest.xml:11:5
	android:name
		ADDED from AndroidManifest.xml:11:22
uses-permission#android.permission.BLUETOOTH
ADDED from AndroidManifest.xml:12:5
MERGED from org.altbeacon:android-beacon-library:2.0-beta3:4:5
	android:name
		ADDED from AndroidManifest.xml:12:22
uses-permission#android.permission.BLUETOOTH_ADMIN
ADDED from AndroidManifest.xml:13:5
MERGED from org.altbeacon:android-beacon-library:2.0-beta3:5:5
	android:name
		ADDED from AndroidManifest.xml:13:22
uses-permission#android.permission.WRITE_EXTERNAL_STORAGE
ADDED from AndroidManifest.xml:14:5
	android:name
		ADDED from AndroidManifest.xml:14:22
uses-permission#android.permission.VIBRATE
ADDED from AndroidManifest.xml:15:5
	android:name
		ADDED from AndroidManifest.xml:15:22
application
ADDED from AndroidManifest.xml:17:5
MERGED from com.android.support:support-v13:21.0.3:16:5
MERGED from com.android.support:support-v4:21.0.3:16:5
MERGED from com.android.support:appcompat-v7:21.0.3:16:5
MERGED from com.android.support:support-v4:21.0.3:16:5
MERGED from com.google.android.gms:play-services:6.5.87:20:5
MERGED from com.android.support:support-v4:21.0.3:16:5
MERGED from org.altbeacon:android-beacon-library:2.0-beta3:8:5
MERGED from Magic:facebook:unspecified:24:5
MERGED from com.android.support:support-v4:21.0.3:16:5
	android:label
		ADDED from AndroidManifest.xml:21:9
	android:allowBackup
		ADDED from AndroidManifest.xml:19:9
	android:icon
		ADDED from AndroidManifest.xml:20:9
	android:theme
		ADDED from AndroidManifest.xml:22:9
	android:name
		ADDED from AndroidManifest.xml:18:9
meta-data#com.google.android.gms.version
ADDED from AndroidManifest.xml:25:9
MERGED from com.google.android.gms:play-services:6.5.87:21:9
	android:value
		ADDED from AndroidManifest.xml:27:13
	android:name
		ADDED from AndroidManifest.xml:26:13
meta-data#com.facebook.sdk.ApplicationId
ADDED from AndroidManifest.xml:30:9
	android:value
		ADDED from AndroidManifest.xml:32:13
	android:name
		ADDED from AndroidManifest.xml:31:13
activity#com.facebook.LoginActivity
ADDED from AndroidManifest.xml:33:9
	android:theme
		ADDED from AndroidManifest.xml:35:13
	android:name
		ADDED from AndroidManifest.xml:34:13
activity#pkpizzas.consumer.activities.IntroActivity
ADDED from AndroidManifest.xml:37:9
	android:screenOrientation
		ADDED from AndroidManifest.xml:40:13
	android:label
		ADDED from AndroidManifest.xml:39:13
	android:theme
		ADDED from AndroidManifest.xml:41:13
	android:name
		ADDED from AndroidManifest.xml:38:13
intent-filter#android.intent.action.MAIN+android.intent.category.DEFAULT
ADDED from AndroidManifest.xml:42:13
action#android.intent.action.MAIN
ADDED from AndroidManifest.xml:43:17
	android:name
		ADDED from AndroidManifest.xml:43:25
category#android.intent.category.DEFAULT
ADDED from AndroidManifest.xml:45:17
	android:name
		ADDED from AndroidManifest.xml:45:27
activity#pkpizzas.consumer.activities.LoginCheckActivity
ADDED from AndroidManifest.xml:48:9
	android:screenOrientation
		ADDED from AndroidManifest.xml:51:13
	android:label
		ADDED from AndroidManifest.xml:50:13
	android:theme
		ADDED from AndroidManifest.xml:52:13
	android:name
		ADDED from AndroidManifest.xml:49:13
intent-filter#android.intent.action.MAIN+android.intent.category.LAUNCHER
ADDED from AndroidManifest.xml:53:13
category#android.intent.category.LAUNCHER
ADDED from AndroidManifest.xml:56:17
	android:name
		ADDED from AndroidManifest.xml:56:27
activity#pkpizzas.consumer.activities.ChooseCategoriesActivity
ADDED from AndroidManifest.xml:59:9
	android:screenOrientation
		ADDED from AndroidManifest.xml:63:13
	android:label
		ADDED from AndroidManifest.xml:61:13
	android:parentActivityName
		ADDED from AndroidManifest.xml:62:13
	android:name
		ADDED from AndroidManifest.xml:60:13
activity#pkpizzas.consumer.activities.MainScreenActivity
ADDED from AndroidManifest.xml:70:9
	android:screenOrientation
		ADDED from AndroidManifest.xml:74:13
	android:label
		ADDED from AndroidManifest.xml:72:13
	android:theme
		ADDED from AndroidManifest.xml:73:13
	android:name
		ADDED from AndroidManifest.xml:71:13
activity#pkpizzas.consumer.activities.SearchActivity
ADDED from AndroidManifest.xml:81:9
	android:screenOrientation
		ADDED from AndroidManifest.xml:84:13
	android:label
		ADDED from AndroidManifest.xml:83:13
	android:name
		ADDED from AndroidManifest.xml:82:13
activity#pkpizzas.consumer.activities.InviteFriendsActivity
ADDED from AndroidManifest.xml:91:9
	android:screenOrientation
		ADDED from AndroidManifest.xml:95:13
	android:label
		ADDED from AndroidManifest.xml:93:13
	android:parentActivityName
		ADDED from AndroidManifest.xml:94:13
	android:windowSoftInputMode
		ADDED from AndroidManifest.xml:96:13
	android:name
		ADDED from AndroidManifest.xml:92:13
activity#pkpizzas.consumer.activities.BrandInfoActivity
ADDED from AndroidManifest.xml:103:9
	android:screenOrientation
		ADDED from AndroidManifest.xml:107:13
	android:label
		ADDED from AndroidManifest.xml:105:13
	android:parentActivityName
		ADDED from AndroidManifest.xml:106:13
	android:name
		ADDED from AndroidManifest.xml:104:13
service#pkpizzas.consumer.services.BeaconRangingService
ADDED from AndroidManifest.xml:115:9
	android:name
		ADDED from AndroidManifest.xml:115:18
activity#pkpizzas.consumer.activities.HistoryActivity
ADDED from AndroidManifest.xml:118:9
	android:screenOrientation
		ADDED from AndroidManifest.xml:122:13
	android:label
		ADDED from AndroidManifest.xml:120:13
	android:parentActivityName
		ADDED from AndroidManifest.xml:121:13
	android:name
		ADDED from AndroidManifest.xml:119:13
activity#pkpizzas.consumer.activities.ProductCatalogueActivity
ADDED from AndroidManifest.xml:129:9
	android:screenOrientation
		ADDED from AndroidManifest.xml:133:13
	android:label
		ADDED from AndroidManifest.xml:131:13
	android:parentActivityName
		ADDED from AndroidManifest.xml:132:13
	android:name
		ADDED from AndroidManifest.xml:130:13
activity#pkpizzas.consumer.activities.ProductInfoActivity
ADDED from AndroidManifest.xml:140:9
	android:screenOrientation
		ADDED from AndroidManifest.xml:144:13
	android:label
		ADDED from AndroidManifest.xml:142:13
	android:parentActivityName
		ADDED from AndroidManifest.xml:143:13
	android:name
		ADDED from AndroidManifest.xml:141:13
activity#pkpizzas.consumer.activities.CartActivity
ADDED from AndroidManifest.xml:152:9
	android:screenOrientation
		ADDED from AndroidManifest.xml:155:13
	android:label
		ADDED from AndroidManifest.xml:154:13
	android:name
		ADDED from AndroidManifest.xml:153:13
activity#pkpizzas.consumer.activities.BookmarksActivity
ADDED from AndroidManifest.xml:162:9
	android:screenOrientation
		ADDED from AndroidManifest.xml:165:13
	android:label
		ADDED from AndroidManifest.xml:164:13
	android:name
		ADDED from AndroidManifest.xml:163:13
activity#pkpizzas.consumer.activities.ProductPhotoViewerActivity
ADDED from AndroidManifest.xml:172:9
	android:screenOrientation
		ADDED from AndroidManifest.xml:176:13
	android:label
		ADDED from AndroidManifest.xml:174:13
	android:theme
		ADDED from AndroidManifest.xml:175:13
	android:name
		ADDED from AndroidManifest.xml:173:13
uses-sdk
INJECTED from AndroidManifest.xml:0:0 reason: use-sdk injection requested
MERGED from com.android.support:support-v13:21.0.3:15:5
MERGED from com.android.support:support-v4:21.0.3:15:5
MERGED from com.android.support:appcompat-v7:21.0.3:15:5
MERGED from com.android.support:support-v4:21.0.3:15:5
MERGED from com.google.android.gms:play-services:6.5.87:18:5
MERGED from com.android.support:support-v4:21.0.3:15:5
MERGED from org.altbeacon:android-beacon-library:2.0-beta3:2:5
MERGED from Magic:facebook:unspecified:20:5
MERGED from com.android.support:support-v4:21.0.3:15:5
	android:targetSdkVersion
		INJECTED from AndroidManifest.xml:0:0
		INJECTED from AndroidManifest.xml:0:0
	android:minSdkVersion
		INJECTED from AndroidManifest.xml:0:0
		MERGED from AndroidManifest.xml:0:0
		INJECTED from AndroidManifest.xml:0:0
uses-permission#android.permission.RECEIVE_BOOT_COMPLETED
ADDED from org.altbeacon:android-beacon-library:2.0-beta3:6:5
	android:name
		ADDED from org.altbeacon:android-beacon-library:2.0-beta3:6:22
receiver#org.altbeacon.beacon.startup.StartupBroadcastReceiver
ADDED from org.altbeacon:android-beacon-library:2.0-beta3:9:5
	android:name
		ADDED from org.altbeacon:android-beacon-library:2.0-beta3:9:15
intent-filter#android.intent.action.ACTION_POWER_CONNECTED+android.intent.action.ACTION_POWER_DISCONNECTED+android.intent.action.BOOT_COMPLETED
ADDED from org.altbeacon:android-beacon-library:2.0-beta3:10:9
action#android.intent.action.BOOT_COMPLETED
ADDED from org.altbeacon:android-beacon-library:2.0-beta3:11:13
	android:name
		ADDED from org.altbeacon:android-beacon-library:2.0-beta3:11:21
action#android.intent.action.ACTION_POWER_CONNECTED
ADDED from org.altbeacon:android-beacon-library:2.0-beta3:12:13
	android:name
		ADDED from org.altbeacon:android-beacon-library:2.0-beta3:12:21
action#android.intent.action.ACTION_POWER_DISCONNECTED
ADDED from org.altbeacon:android-beacon-library:2.0-beta3:13:13
	android:name
		ADDED from org.altbeacon:android-beacon-library:2.0-beta3:13:21
service#org.altbeacon.beacon.service.BeaconService
ADDED from org.altbeacon:android-beacon-library:2.0-beta3:17:5
	android:enabled
		ADDED from org.altbeacon:android-beacon-library:2.0-beta3:17:14
	android:label
		ADDED from org.altbeacon:android-beacon-library:2.0-beta3:17:93
	android:exported
		ADDED from org.altbeacon:android-beacon-library:2.0-beta3:17:37
	android:isolatedProcess
		ADDED from org.altbeacon:android-beacon-library:2.0-beta3:17:61
	android:name
		ADDED from org.altbeacon:android-beacon-library:2.0-beta3:17:116
service#org.altbeacon.beacon.BeaconIntentProcessor
ADDED from org.altbeacon:android-beacon-library:2.0-beta3:20:5
	android:enabled
		ADDED from org.altbeacon:android-beacon-library:2.0-beta3:20:14
	android:name
		ADDED from org.altbeacon:android-beacon-library:2.0-beta3:20:37
android:uses-permission#android.permission.READ_PHONE_STATE
IMPLIED from AndroidManifest.xml:2:1 reason: org.altbeacon.beacon has a targetSdkVersion < 4